0 info it worked if it ends with ok
1 verbose cli [ '/usr/local/bin/node',
1 verbose cli   '/usr/local/bin/npm',
1 verbose cli   'install',
1 verbose cli   '--global',
1 verbose cli   'vue-cli' ]
2 info using npm@2.14.12
3 info using node@v4.3.1
4 verbose install initial load of /usr/local/lib/package.json
5 verbose readDependencies loading dependencies from /usr/local/lib/package.json
6 silly cache add args [ 'vue-cli', null ]
7 verbose cache add spec vue-cli
8 silly cache add parsed spec Result {
8 silly cache add   raw: 'vue-cli',
8 silly cache add   scope: null,
8 silly cache add   name: 'vue-cli',
8 silly cache add   rawSpec: '',
8 silly cache add   spec: 'latest',
8 silly cache add   type: 'tag' }
9 silly addNamed vue-cli@latest
10 verbose addNamed "latest" is being treated as a dist-tag for vue-cli
11 info addNameTag [ 'vue-cli', 'latest' ]
12 silly mapToRegistry name vue-cli
13 silly mapToRegistry using default registry
14 silly mapToRegistry registry https://registry.npmjs.org/
15 silly mapToRegistry uri https://registry.npmjs.org/vue-cli
16 verbose addNameTag registry:https://registry.npmjs.org/vue-cli not in flight; fetching
17 verbose request uri https://registry.npmjs.org/vue-cli
18 verbose request no auth needed
19 info attempt registry request try #1 at 10:54:44 AM
20 verbose request id 9b7b004942e66765
21 http request GET https://registry.npmjs.org/vue-cli
22 http 200 https://registry.npmjs.org/vue-cli
23 verbose headers { date: 'Fri, 14 Sep 2018 09:54:41 GMT',
23 verbose headers   'content-type': 'application/json; charset=UTF-8',
23 verbose headers   'transfer-encoding': 'chunked',
23 verbose headers   connection: 'keep-alive',
23 verbose headers   'set-cookie': [ '__cfduid=d2c46ae010f3b8d92e85a1be53242a5141536918881; expires=Sat, 14-Sep-19 09:54:41 GMT; path=/; domain=.registry.npmjs.org; HttpOnly' ],
23 verbose headers   'cf-cache-status': 'HIT',
23 verbose headers   'cache-control': 'max-age=300',
23 verbose headers   'cf-ray': '45a1f9405e716a01-LHR',
23 verbose headers   etag: 'W/"6d50d4882012db87e6c22e0c86da5452"',
23 verbose headers   'expect-ct': 'max-age=604800, report-uri="https://report-uri.cloudflare.com/cdn-cgi/beacon/expect-ct"',
23 verbose headers   'last-modified': 'Fri, 03 Aug 2018 00:32:20 GMT',
23 verbose headers   vary: 'accept-encoding, accept',
23 verbose headers   server: 'cloudflare',
23 verbose headers   'content-encoding': 'gzip' }
24 silly get cb [ 200,
24 silly get   { date: 'Fri, 14 Sep 2018 09:54:41 GMT',
24 silly get     'content-type': 'application/json; charset=UTF-8',
24 silly get     'transfer-encoding': 'chunked',
24 silly get     connection: 'keep-alive',
24 silly get     'set-cookie': [ '__cfduid=d2c46ae010f3b8d92e85a1be53242a5141536918881; expires=Sat, 14-Sep-19 09:54:41 GMT; path=/; domain=.registry.npmjs.org; HttpOnly' ],
24 silly get     'cf-cache-status': 'HIT',
24 silly get     'cache-control': 'max-age=300',
24 silly get     'cf-ray': '45a1f9405e716a01-LHR',
24 silly get     etag: 'W/"6d50d4882012db87e6c22e0c86da5452"',
24 silly get     'expect-ct': 'max-age=604800, report-uri="https://report-uri.cloudflare.com/cdn-cgi/beacon/expect-ct"',
24 silly get     'last-modified': 'Fri, 03 Aug 2018 00:32:20 GMT',
24 silly get     vary: 'accept-encoding, accept',
24 silly get     server: 'cloudflare',
24 silly get     'content-encoding': 'gzip' } ]
25 verbose get saving vue-cli to /Users/lbalakrishnan/.npm/registry.npmjs.org/vue-cli/.cache.json
26 silly addNameTag next cb for vue-cli with tag latest
27 silly addNamed vue-cli@2.9.6
28 verbose addNamed "2.9.6" is a plain semver version for vue-cli
29 silly mapToRegistry name vue-cli
30 silly mapToRegistry using default registry
31 silly mapToRegistry registry https://registry.npmjs.org/
32 silly mapToRegistry uri https://registry.npmjs.org/vue-cli
33 verbose addRemoteTarball https://registry.npmjs.org/vue-cli/-/vue-cli-2.9.6.tgz not in flight; adding
34 verbose addRemoteTarball [ 'https://registry.npmjs.org/vue-cli/-/vue-cli-2.9.6.tgz',
34 verbose addRemoteTarball   'afc3cc6ce6de350d89876fee2dc163d0b83e0136' ]
35 info retry fetch attempt 1 at 10:54:45 AM
36 info attempt registry request try #1 at 10:54:45 AM
37 http fetch GET https://registry.npmjs.org/vue-cli/-/vue-cli-2.9.6.tgz
38 http fetch 200 https://registry.npmjs.org/vue-cli/-/vue-cli-2.9.6.tgz
39 silly fetchAndShaCheck shasum afc3cc6ce6de350d89876fee2dc163d0b83e0136
40 verbose addTmpTarball /var/folders/hm/csr185ss46qf89rm4nnpt5br2jl705/T/npm-26894-1759e3ca/registry.npmjs.org/vue-cli/-/vue-cli-2.9.6.tgz not in flight; adding
41 verbose addTmpTarball already have metadata; skipping unpack for vue-cli@2.9.6
42 silly cache afterAdd vue-cli@2.9.6
43 verbose afterAdd /Users/lbalakrishnan/.npm/vue-cli/2.9.6/package/package.json not in flight; writing
44 verbose afterAdd /Users/lbalakrishnan/.npm/vue-cli/2.9.6/package/package.json written
45 silly install resolved [ { name: 'vue-cli',
45 silly install resolved     version: '2.9.6',
45 silly install resolved     description: 'A simple CLI for scaffolding Vue.js projects.',
45 silly install resolved     preferGlobal: true,
45 silly install resolved     bin:
45 silly install resolved      { vue: 'bin/vue',
45 silly install resolved        'vue-init': 'bin/vue-init',
45 silly install resolved        'vue-list': 'bin/vue-list' },
45 silly install resolved     repository: { type: 'git', url: 'git+https://github.com/vuejs/vue-cli.git' },
45 silly install resolved     keywords: [ 'vue', 'cli', 'spa' ],
45 silly install resolved     author: { name: 'Evan You' },
45 silly install resolved     license: 'MIT',
45 silly install resolved     bugs: { url: 'https://github.com/vuejs/vue-cli/issues' },
45 silly install resolved     homepage: 'https://github.com/vuejs/vue-cli#readme',
45 silly install resolved     scripts:
45 silly install resolved      { test: 'npm run lint && npm run e2e',
45 silly install resolved        lint: 'eslint test/e2e/test*.js lib bin/* --env mocha',
45 silly install resolved        e2e: 'rimraf test/e2e/mock-template-build && mocha test/e2e/test.js --slow 1000' },
45 silly install resolved     dependencies:
45 silly install resolved      { async: '^2.4.0',
45 silly install resolved        chalk: '^2.1.0',
45 silly install resolved        commander: '^2.9.0',
45 silly install resolved        consolidate: '^0.14.0',
45 silly install resolved        'download-git-repo': '^1.0.1',
45 silly install resolved        handlebars: '^4.0.5',
45 silly install resolved        inquirer: '^6.0.0',
45 silly install resolved        metalsmith: '^2.1.0',
45 silly install resolved        minimatch: '^3.0.0',
45 silly install resolved        multimatch: '^2.1.0',
45 silly install resolved        ora: '^1.3.0',
45 silly install resolved        'read-metadata': '^1.0.0',
45 silly install resolved        request: '^2.67.0',
45 silly install resolved        rimraf: '^2.5.0',
45 silly install resolved        semver: '^5.1.0',
45 silly install resolved        tildify: '^1.2.0',
45 silly install resolved        uid: '0.0.2',
45 silly install resolved        'user-home': '^2.0.0',
45 silly install resolved        'validate-npm-package-name': '^3.0.0',
45 silly install resolved        'coffee-script': '1.12.7' },
45 silly install resolved     devDependencies:
45 silly install resolved      { chai: '^4.1.2',
45 silly install resolved        eslint: '^3.19.0',
45 silly install resolved        'eslint-plugin-vue-libs': '^1.2.1',
45 silly install resolved        execa: '^0.8.0',
45 silly install resolved        mocha: '^3.5.3' },
45 silly install resolved     engines: { node: '>=6.0.0' },
45 silly install resolved     gitHead: '11eb119367a8be6193957be381084343e11c007c',
45 silly install resolved     _id: 'vue-cli@2.9.6',
45 silly install resolved     _npmVersion: '5.6.0',
45 silly install resolved     _nodeVersion: '8.11.1',
45 silly install resolved     _npmUser: { name: 'yyx990803', email: 'yyx990803@gmail.com' },
45 silly install resolved     dist:
45 silly install resolved      { integrity: 'sha512-swQ0bfyJSWfFr42IXr8A774yA1n+YudhzsaHBKhWSkczSqjvgZvSvM8NEnx6QKnfOHBXbdNR5vhahjNUMlftQQ==',
45 silly install resolved        shasum: 'afc3cc6ce6de350d89876fee2dc163d0b83e0136',
45 silly install resolved        tarball: 'https://registry.npmjs.org/vue-cli/-/vue-cli-2.9.6.tgz',
45 silly install resolved        fileCount: 52,
45 silly install resolved        unpackedSize: 56295,
45 silly install resolved        'npm-signature': '-----BEGIN PGP SIGNATURE-----\r\nVersion: OpenPGP.js v3.0.4\r\nComment: https://openpgpjs.org\r\n\r\nwsFcBAEBCAAQBQJbFhabCRA9TVsSAnZWagAAADUP/AoXcne/S2JsHtIvqv45\njd759RIAOW6jT86KI6qyY4J4v+LfALWW12b+kyodiuDgKLdztUxStxw5JMnl\npYUCR8zWya9WXtV4qSauz/AlDbNJ1ct4Sm3LMW6JK/BNQvltmBsyq6T1sabt\nn0Vjxd/7ZBJpRRrd0Qmd4W6FIj8nYDKb/Jd0naNeZdILNZXpRWXeWyMBD1zX\nqdid7aPYSx82ojXAXMRkjDhfBwur6AQdan5eHqYrROPZThfrmpYxgyhnXlLp\npNFvxFjsxmhYw0yiDtiEhisU0Jei4lUKZhD7w/x9IGPDsLYdExNCmQ4KxKgn\nnQI/r74lydtYU7at4q9ZDmbL29wBqk42NxquJH4i9dHnHmmfb6zlLzMKYPJ7\nRuwyu9KfBpZOgD5wqzH3TVl3t9ucwXOeIxmzvizC4C9bU5OCwor+KAOFQ8wT\nLtW3wUrpuz8uq6eFrL9IjLgHP/qEoj+BakxzEtTl2CNwYSnVLRN29Wcx8jsE\n0QJ/yFpOVMu0Sdfwct6jgLyhKhV6mD/+KEbMeLGQUZHG8PsjkodLEY+Q1ylo\nzW+UYJIf9un2GB29NI7qBxurdDMLUfkICMmAitlTfJMOR8Pus4l04tfHL8eZ\nLTRB1MxUuFUrbf01fTS5qHuAo2andfzWNIJSjK72yBX+OC5zRLyMV1siyHIa\nUmID\r\n=6z5m\r\n-----END PGP SIGNATURE-----\r\n' },
45 silly install resolved     maintainers: [ [Object], [Object], [Object] ],
45 silly install resolved     directories: {},
45 silly install resolved     _npmOperationalInternal:
45 silly install resolved      { host: 's3://npm-registry-packages',
45 silly install resolved        tmp: 'tmp/vue-cli_2.9.6_1528174234348_0.8675557524612079' },
45 silly install resolved     _shasum: 'afc3cc6ce6de350d89876fee2dc163d0b83e0136',
45 silly install resolved     _resolved: 'https://registry.npmjs.org/vue-cli/-/vue-cli-2.9.6.tgz',
45 silly install resolved     _from: 'vue-cli@latest' } ]
46 info install vue-cli@2.9.6 into /usr/local/lib
47 info installOne vue-cli@2.9.6
48 verbose installOne of vue-cli to /usr/local/lib not in flight; installing
49 verbose lock using /Users/lbalakrishnan/.npm/_locks/vue-cli-baa7602660f62cb8.lock for /usr/local/lib/node_modules/vue-cli
50 silly install write writing vue-cli 2.9.6 to /usr/local/lib/node_modules/vue-cli
51 verbose unbuild lib/node_modules/vue-cli
52 silly gentlyRm /usr/local/lib/node_modules/vue-cli is being purged from base /usr/local
53 verbose gentlyRm don't care about contents; nuking /usr/local/lib/node_modules/vue-cli
54 verbose tar unpack /Users/lbalakrishnan/.npm/vue-cli/2.9.6/package.tgz
55 verbose tar unpacking to /usr/local/lib/node_modules/vue-cli
56 silly gentlyRm /usr/local/lib/node_modules/vue-cli is being purged
57 verbose gentlyRm don't care about contents; nuking /usr/local/lib/node_modules/vue-cli
58 silly gunzTarPerm modes [ '755', '644' ]
59 error tar.unpack untar error /Users/lbalakrishnan/.npm/vue-cli/2.9.6/package.tgz
60 verbose unlock done using /Users/lbalakrishnan/.npm/_locks/vue-cli-baa7602660f62cb8.lock for /usr/local/lib/node_modules/vue-cli
61 verbose fstream_path /usr/local/lib/node_modules/vue-cli
62 verbose fstream_type Directory
63 verbose fstream_class DirWriter
64 verbose stack Error: EACCES: permission denied, mkdir '/usr/local/lib/node_modules/vue-cli'
64 verbose stack     at Error (native)
65 verbose fstream_stack /usr/local/lib/node_modules/npm/node_modules/fstream/lib/dir-writer.js:35:25
65 verbose fstream_stack /usr/local/lib/node_modules/npm/node_modules/mkdirp/index.js:47:53
65 verbose fstream_stack FSReqWrap.oncomplete (fs.js:82:15)
66 verbose cwd /Users/lbalakrishnan/vagrant_new/sites/vuejs2
67 error Darwin 16.7.0
68 error argv "/usr/local/bin/node" "/usr/local/bin/npm" "install" "--global" "vue-cli"
69 error node v4.3.1
70 error npm  v2.14.12
71 error path /usr/local/lib/node_modules/vue-cli
72 error code EACCES
73 error errno -13
74 error syscall mkdir
75 error Error: EACCES: permission denied, mkdir '/usr/local/lib/node_modules/vue-cli'
75 error     at Error (native)
75 error  { [Error: EACCES: permission denied, mkdir '/usr/local/lib/node_modules/vue-cli']
75 error   errno: -13,
75 error   code: 'EACCES',
75 error   syscall: 'mkdir',
75 error   path: '/usr/local/lib/node_modules/vue-cli',
75 error   fstream_type: 'Directory',
75 error   fstream_path: '/usr/local/lib/node_modules/vue-cli',
75 error   fstream_class: 'DirWriter',
75 error   fstream_stack:
75 error    [ '/usr/local/lib/node_modules/npm/node_modules/fstream/lib/dir-writer.js:35:25',
75 error      '/usr/local/lib/node_modules/npm/node_modules/mkdirp/index.js:47:53',
75 error      'FSReqWrap.oncomplete (fs.js:82:15)' ] }
76 error Please try running this command again as root/Administrator.
77 verbose exit [ -13, true ]
78 verbose unbuild lib/node_modules/vue-cli
79 silly gentlyRm /usr/local/lib/node_modules/vue-cli is being purged from base /usr/local
80 verbose gentlyRm don't care about contents; nuking /usr/local/lib/node_modules/vue-cli
